feb 08, 2026 12:27:14 AM org.apache.catalina.startup.Catalina stopServer
GRAVE: Catalina.stop: 
java.net.ConnectException: Connection refused: connect
	at java.net.DualStackPlainSocketImpl.connect0(Native Method)
	at java.net.DualStackPlainSocketImpl.socketConnect(DualStackPlainSocketImpl.java:79)
	at java.net.AbstractPlainSocketImpl.doConnect(AbstractPlainSocketImpl.java:350)
	at java.net.AbstractPlainSocketImpl.connectToAddress(AbstractPlainSocketImpl.java:206)
	at java.net.AbstractPlainSocketImpl.connect(AbstractPlainSocketImpl.java:188)
	at java.net.PlainSocketImpl.connect(PlainSocketImpl.java:172)
	at java.net.SocksSocketImpl.connect(SocksSocketImpl.java:392)
	at java.net.Socket.connect(Socket.java:589)
	at java.net.Socket.connect(Socket.java:538)
	at java.net.Socket.<init>(Socket.java:434)
	at java.net.Socket.<init>(Socket.java:211)
	at org.apache.catalina.startup.Catalina.stopServer(Catalina.java:394)
	at sun.reflect.NativeMethodAccessorImpl.invoke0(Native Method)
	at sun.reflect.NativeMethodAccessorImpl.invoke(NativeMethodAccessorImpl.java:62)
	at sun.reflect.DelegatingMethodAccessorImpl.invoke(DelegatingMethodAccessorImpl.java:43)
	at java.lang.reflect.Method.invoke(Method.java:498)
	at org.apache.catalina.startup.Bootstrap.stopServer(Bootstrap.java:320)
	at org.apache.catalina.startup.Bootstrap.main(Bootstrap.java:411)

feb 08, 2026 12:27:18 AM org.apache.coyote.http11.Http11Protocol init
INFORMACIÓN: Inicializando Coyote HTTP/1.1 en puerto http-8080
feb 08, 2026 12:27:18 AM org.apache.catalina.startup.Catalina load
INFORMACIÓN: Initialization processed in 163 ms
feb 08, 2026 12:27:18 AM org.apache.catalina.core.StandardService start
INFORMACIÓN: Arrancando servicio Catalina
feb 08, 2026 12:27:18 AM org.apache.catalina.core.StandardEngine start
INFORMACIÓN: Starting Servlet Engine: Apache Tomcat/5.5.9
feb 08, 2026 12:27:18 AM org.apache.catalina.core.StandardHost start
INFORMACIÓN: Desactivada la validación XML
feb 08, 2026 12:27:18 AM org.apache.catalina.startup.HostConfig deployWAR
INFORMACIÓN: Despliegue del archivo mili.war de la aplicación web
feb 08, 2026 12:27:18 AM org.apache.catalina.startup.ContextConfig applicationWebConfig
INFORMACIÓN: Falta el archivo web.xml de la aplicaciónb. Utilizando los parámetros por defecto StandardEngine[Catalina].StandardHost[localhost].StandardContext[/mili]
feb 08, 2026 12:27:18 AM org.apache.catalina.startup.HostConfig deployWAR
INFORMACIÓN: Despliegue del archivo mili1.war de la aplicación web
feb 08, 2026 12:27:18 AM org.apache.catalina.loader.WebappClassLoader validateJarFile
INFORMACIÓN: validateJarFile(C:\Users\karma\Desktop\documentacion\software\bloodbank_clean\bancodesangre\tomcat\webapps\mili1\WEB-INF\lib\servlet-api.jar) - jar not loaded. See Servlet Spec 2.3, section 9.7.2. Offending class: javax/servlet/Servlet.class
feb 08, 2026 12:27:19 AM org.apache.coyote.http11.Http11Protocol start
INFORMACIÓN: Arrancando Coyote HTTP/1.1 en puerto http-8080
feb 08, 2026 12:27:19 AM org.apache.jk.common.ChannelSocket init
INFORMACIÓN: JK: ajp13 listening on /0.0.0.0:8009
feb 08, 2026 12:27:19 AM org.apache.jk.server.JkMain start
INFORMACIÓN: Jk running ID=0 time=0/5  config=null
feb 08, 2026 12:27:19 AM org.apache.catalina.storeconfig.StoreLoader load
INFORMACIÓN: Find registry server-registry.xml at classpath resource
feb 08, 2026 12:27:19 AM org.apache.catalina.startup.Catalina start
INFORMACIÓN: Server startup in 695 ms
feb 08, 2026 12:29:49 AM org.apache.coyote.http11.Http11Protocol pause
INFORMACIÓN: Pausing Coyote HTTP/1.1 on http-8080
feb 08, 2026 12:29:49 AM org.apache.catalina.startup.HostConfig checkResources
INFORMACIÓN: Repliegue (undeploy) de la aplicación web que tiene como trayectoria de contexto /mili
feb 08, 2026 12:29:49 AM org.apache.catalina.startup.HostConfig checkResources
INFORMACIÓN: Repliegue (undeploy) de la aplicación web que tiene como trayectoria de contexto /mili1
feb 08, 2026 12:29:49 AM org.apache.catalina.core.StandardWrapper unload
INFORMACIÓN: Esperando por 1 instancia(s) para recuperar su espacio reservado
feb 08, 2026 12:29:50 AM org.apache.catalina.core.StandardService stop
INFORMACIÓN: Parando servicio Catalina
feb 08, 2026 12:29:50 AM org.apache.catalina.core.StandardWrapper unload
INFORMACIÓN: Esperando por 1 instancia(s) para recuperar su espacio reservado
feb 08, 2026 12:29:51 AM org.apache.catalina.core.StandardWrapper unload
INFORMACIÓN: Esperando por 1 instancia(s) para recuperar su espacio reservado
feb 08, 2026 12:29:51 AM org.apache.catalina.startup.HostConfig deployWAR
INFORMACIÓN: Despliegue del archivo mili.war de la aplicación web
feb 08, 2026 12:29:52 AM org.apache.catalina.loader.WebappClassLoader validateJarFile
INFORMACIÓN: validateJarFile(C:\Users\karma\Desktop\documentacion\software\bloodbank_clean\bancodesangre\tomcat\webapps\mili\WEB-INF\lib\servlet-api.jar) - jar not loaded. See Servlet Spec 2.3, section 9.7.2. Offending class: javax/servlet/Servlet.class
feb 08, 2026 12:29:53 AM org.apache.catalina.startup.ContextConfig applicationWebConfig
INFORMACIÓN: Falta el archivo web.xml de la aplicaciónb. Utilizando los parámetros por defecto StandardEngine[Catalina].StandardHost[localhost].StandardContext[/mili1]
feb 08, 2026 12:29:53 AM org.apache.coyote.http11.Http11Protocol destroy
INFORMACIÓN: Stopping Coyote HTTP/1.1 on http-8080
feb 08, 2026 12:29:54 AM org.apache.coyote.http11.Http11Protocol init
INFORMACIÓN: Inicializando Coyote HTTP/1.1 en puerto http-8080
feb 08, 2026 12:29:54 AM org.apache.catalina.startup.Catalina load
INFORMACIÓN: Initialization processed in 155 ms
feb 08, 2026 12:29:54 AM org.apache.catalina.core.StandardService start
INFORMACIÓN: Arrancando servicio Catalina
feb 08, 2026 12:29:54 AM org.apache.catalina.core.StandardEngine start
INFORMACIÓN: Starting Servlet Engine: Apache Tomcat/5.5.9
feb 08, 2026 12:29:54 AM org.apache.catalina.core.StandardHost start
INFORMACIÓN: Desactivada la validación XML
feb 08, 2026 12:29:54 AM org.apache.catalina.startup.HostConfig deployWAR
INFORMACIÓN: Despliegue del archivo mili.war de la aplicación web
feb 08, 2026 12:29:54 AM org.apache.catalina.loader.WebappClassLoader validateJarFile
INFORMACIÓN: validateJarFile(C:\Users\karma\Desktop\documentacion\software\bloodbank_clean\bancodesangre\tomcat\webapps\mili\WEB-INF\lib\servlet-api.jar) - jar not loaded. See Servlet Spec 2.3, section 9.7.2. Offending class: javax/servlet/Servlet.class
feb 08, 2026 12:29:54 AM org.apache.catalina.startup.ContextConfig applicationWebConfig
INFORMACIÓN: Falta el archivo web.xml de la aplicaciónb. Utilizando los parámetros por defecto StandardEngine[Catalina].StandardHost[localhost].StandardContext[/mili1]
feb 08, 2026 12:29:55 AM org.apache.coyote.http11.Http11Protocol start
INFORMACIÓN: Arrancando Coyote HTTP/1.1 en puerto http-8080
feb 08, 2026 12:29:55 AM org.apache.jk.common.ChannelSocket init
INFORMACIÓN: JK: ajp13 listening on /0.0.0.0:8009
feb 08, 2026 12:29:55 AM org.apache.jk.server.JkMain start
INFORMACIÓN: Jk running ID=0 time=0/3  config=null
feb 08, 2026 12:29:55 AM org.apache.catalina.storeconfig.StoreLoader load
INFORMACIÓN: Find registry server-registry.xml at classpath resource
feb 08, 2026 12:29:55 AM org.apache.catalina.startup.Catalina start
INFORMACIÓN: Server startup in 862 ms
feb 08, 2026 12:31:05 AM org.apache.catalina.startup.Catalina stopServer
GRAVE: Catalina.stop: 
java.net.ConnectException: Connection refused: connect
	at java.net.DualStackPlainSocketImpl.connect0(Native Method)
	at java.net.DualStackPlainSocketImpl.socketConnect(DualStackPlainSocketImpl.java:79)
	at java.net.AbstractPlainSocketImpl.doConnect(AbstractPlainSocketImpl.java:350)
	at java.net.AbstractPlainSocketImpl.connectToAddress(AbstractPlainSocketImpl.java:206)
	at java.net.AbstractPlainSocketImpl.connect(AbstractPlainSocketImpl.java:188)
	at java.net.PlainSocketImpl.connect(PlainSocketImpl.java:172)
	at java.net.SocksSocketImpl.connect(SocksSocketImpl.java:392)
	at java.net.Socket.connect(Socket.java:589)
	at java.net.Socket.connect(Socket.java:538)
	at java.net.Socket.<init>(Socket.java:434)
	at java.net.Socket.<init>(Socket.java:211)
	at org.apache.catalina.startup.Catalina.stopServer(Catalina.java:394)
	at sun.reflect.NativeMethodAccessorImpl.invoke0(Native Method)
	at sun.reflect.NativeMethodAccessorImpl.invoke(NativeMethodAccessorImpl.java:62)
	at sun.reflect.DelegatingMethodAccessorImpl.invoke(DelegatingMethodAccessorImpl.java:43)
	at java.lang.reflect.Method.invoke(Method.java:498)
	at org.apache.catalina.startup.Bootstrap.stopServer(Bootstrap.java:320)
	at org.apache.catalina.startup.Bootstrap.main(Bootstrap.java:411)

feb 08, 2026 12:32:10 AM org.apache.coyote.http11.Http11Protocol init
INFORMACIÓN: Inicializando Coyote HTTP/1.1 en puerto http-8080
feb 08, 2026 12:32:10 AM org.apache.catalina.startup.Catalina load
INFORMACIÓN: Initialization processed in 152 ms
feb 08, 2026 12:32:10 AM org.apache.catalina.core.StandardService start
INFORMACIÓN: Arrancando servicio Catalina
feb 08, 2026 12:32:10 AM org.apache.catalina.core.StandardEngine start
INFORMACIÓN: Starting Servlet Engine: Apache Tomcat/5.5.9
feb 08, 2026 12:32:10 AM org.apache.catalina.core.StandardHost start
INFORMACIÓN: Desactivada la validación XML
feb 08, 2026 12:32:10 AM org.apache.catalina.startup.HostConfig deployWAR
INFORMACIÓN: Despliegue del archivo mili.war de la aplicación web
feb 08, 2026 12:32:11 AM org.apache.catalina.loader.WebappClassLoader validateJarFile
INFORMACIÓN: validateJarFile(C:\Users\karma\Desktop\documentacion\software\bloodbank_clean\bancodesangre\tomcat\webapps\mili\WEB-INF\lib\servlet-api.jar) - jar not loaded. See Servlet Spec 2.3, section 9.7.2. Offending class: javax/servlet/Servlet.class
feb 08, 2026 12:32:11 AM org.apache.coyote.http11.Http11Protocol start
INFORMACIÓN: Arrancando Coyote HTTP/1.1 en puerto http-8080
feb 08, 2026 12:32:11 AM org.apache.jk.common.ChannelSocket init
INFORMACIÓN: JK: ajp13 listening on /0.0.0.0:8009
feb 08, 2026 12:32:11 AM org.apache.jk.server.JkMain start
INFORMACIÓN: Jk running ID=0 time=0/6  config=null
feb 08, 2026 12:32:11 AM org.apache.catalina.storeconfig.StoreLoader load
INFORMACIÓN: Find registry server-registry.xml at classpath resource
feb 08, 2026 12:32:11 AM org.apache.catalina.startup.Catalina start
INFORMACIÓN: Server startup in 1718 ms
