feb 07, 2026 11:24:18 PM org.apache.coyote.http11.Http11Protocol init
INFORMACIÓN: Inicializando Coyote HTTP/1.1 en puerto http-8080
feb 07, 2026 11:24:18 PM org.apache.catalina.startup.Catalina load
INFORMACIÓN: Initialization processed in 186 ms
feb 07, 2026 11:24:18 PM org.apache.catalina.core.StandardService start
INFORMACIÓN: Arrancando servicio Catalina
feb 07, 2026 11:24:18 PM org.apache.catalina.core.StandardEngine start
INFORMACIÓN: Starting Servlet Engine: Apache Tomcat/5.5.9
feb 07, 2026 11:24:18 PM org.apache.catalina.core.StandardHost start
INFORMACIÓN: Desactivada la validación XML
feb 07, 2026 11:24:19 PM org.apache.catalina.startup.HostConfig deployWAR
INFORMACIÓN: Despliegue del archivo mili.war de la aplicación web
feb 07, 2026 11:24:19 PM org.apache.catalina.startup.ContextConfig applicationWebConfig
INFORMACIÓN: Falta el archivo web.xml de la aplicaciónb. Utilizando los parámetros por defecto StandardEngine[Catalina].StandardHost[localhost].StandardContext[/mili]
feb 07, 2026 11:24:19 PM org.apache.catalina.startup.HostConfig deployWAR
INFORMACIÓN: Despliegue del archivo mili1.war de la aplicación web
feb 07, 2026 11:24:19 PM org.apache.catalina.loader.WebappClassLoader validateJarFile
INFORMACIÓN: validateJarFile(C:\Users\karma\Desktop\documentacion\software\bloodbank_clean\bancodesangre\tomcat\webapps\mili1\WEB-INF\lib\servlet-api.jar) - jar not loaded. See Servlet Spec 2.3, section 9.7.2. Offending class: javax/servlet/Servlet.class
feb 07, 2026 11:24:19 PM org.apache.coyote.http11.Http11Protocol start
INFORMACIÓN: Arrancando Coyote HTTP/1.1 en puerto http-8080
feb 07, 2026 11:24:19 PM org.apache.jk.common.ChannelSocket init
INFORMACIÓN: JK: ajp13 listening on /0.0.0.0:8009
feb 07, 2026 11:24:19 PM org.apache.jk.server.JkMain start
INFORMACIÓN: Jk running ID=0 time=0/8  config=null
feb 07, 2026 11:24:19 PM org.apache.catalina.storeconfig.StoreLoader load
INFORMACIÓN: Find registry server-registry.xml at classpath resource
feb 07, 2026 11:24:19 PM org.apache.catalina.startup.Catalina start
INFORMACIÓN: Server startup in 1077 ms
feb 07, 2026 11:24:49 PM org.apache.jk.common.MsgAjp processHeader
GRAVE: BAD packet signature 18245
feb 07, 2026 11:24:49 PM org.apache.jk.common.ChannelSocket processConnection
GRAVE: Error, processing connection
java.lang.IndexOutOfBoundsException
	at java.io.BufferedInputStream.read(BufferedInputStream.java:338)
	at org.apache.jk.common.ChannelSocket.read(ChannelSocket.java:601)
	at org.apache.jk.common.ChannelSocket.receive(ChannelSocket.java:557)
	at org.apache.jk.common.ChannelSocket.processConnection(ChannelSocket.java:666)
	at org.apache.jk.common.SocketConnection.runIt(ChannelSocket.java:871)
	at org.apache.tomcat.util.threads.ThreadPool$ControlRunnable.run(ThreadPool.java:684)
	at java.lang.Thread.run(Thread.java:745)

feb 07, 2026 11:24:51 PM org.apache.jk.common.MsgAjp processHeader
GRAVE: BAD packet signature 18245
feb 07, 2026 11:24:51 PM org.apache.jk.common.ChannelSocket processConnection
GRAVE: Error, processing connection
java.lang.IndexOutOfBoundsException
	at java.io.BufferedInputStream.read(BufferedInputStream.java:338)
	at org.apache.jk.common.ChannelSocket.read(ChannelSocket.java:601)
	at org.apache.jk.common.ChannelSocket.receive(ChannelSocket.java:557)
	at org.apache.jk.common.ChannelSocket.processConnection(ChannelSocket.java:666)
	at org.apache.jk.common.SocketConnection.runIt(ChannelSocket.java:871)
	at org.apache.tomcat.util.threads.ThreadPool$ControlRunnable.run(ThreadPool.java:684)
	at java.lang.Thread.run(Thread.java:745)

feb 07, 2026 11:44:44 PM org.apache.catalina.startup.Catalina stopServer
GRAVE: Catalina.stop: 
java.net.ConnectException: Connection refused: connect
	at java.net.DualStackPlainSocketImpl.connect0(Native Method)
	at java.net.DualStackPlainSocketImpl.socketConnect(DualStackPlainSocketImpl.java:79)
	at java.net.AbstractPlainSocketImpl.doConnect(AbstractPlainSocketImpl.java:350)
	at java.net.AbstractPlainSocketImpl.connectToAddress(AbstractPlainSocketImpl.java:206)
	at java.net.AbstractPlainSocketImpl.connect(AbstractPlainSocketImpl.java:188)
	at java.net.PlainSocketImpl.connect(PlainSocketImpl.java:172)
	at java.net.SocksSocketImpl.connect(SocksSocketImpl.java:392)
	at java.net.Socket.connect(Socket.java:589)
	at java.net.Socket.connect(Socket.java:538)
	at java.net.Socket.<init>(Socket.java:434)
	at java.net.Socket.<init>(Socket.java:211)
	at org.apache.catalina.startup.Catalina.stopServer(Catalina.java:394)
	at sun.reflect.NativeMethodAccessorImpl.invoke0(Native Method)
	at sun.reflect.NativeMethodAccessorImpl.invoke(NativeMethodAccessorImpl.java:62)
	at sun.reflect.DelegatingMethodAccessorImpl.invoke(DelegatingMethodAccessorImpl.java:43)
	at java.lang.reflect.Method.invoke(Method.java:498)
	at org.apache.catalina.startup.Bootstrap.stopServer(Bootstrap.java:320)
	at org.apache.catalina.startup.Bootstrap.main(Bootstrap.java:411)

feb 07, 2026 11:44:49 PM org.apache.coyote.http11.Http11Protocol init
INFORMACIÓN: Inicializando Coyote HTTP/1.1 en puerto http-8080
feb 07, 2026 11:44:49 PM org.apache.catalina.startup.Catalina load
INFORMACIÓN: Initialization processed in 157 ms
feb 07, 2026 11:44:49 PM org.apache.catalina.core.StandardService start
INFORMACIÓN: Arrancando servicio Catalina
feb 07, 2026 11:44:49 PM org.apache.catalina.core.StandardEngine start
INFORMACIÓN: Starting Servlet Engine: Apache Tomcat/5.5.9
feb 07, 2026 11:44:49 PM org.apache.catalina.core.StandardHost start
INFORMACIÓN: Desactivada la validación XML
feb 07, 2026 11:44:49 PM org.apache.catalina.startup.HostConfig deployWAR
INFORMACIÓN: Despliegue del archivo mili.war de la aplicación web
feb 07, 2026 11:44:49 PM org.apache.catalina.startup.ContextConfig applicationWebConfig
INFORMACIÓN: Falta el archivo web.xml de la aplicaciónb. Utilizando los parámetros por defecto StandardEngine[Catalina].StandardHost[localhost].StandardContext[/mili]
feb 07, 2026 11:44:49 PM org.apache.catalina.startup.HostConfig deployWAR
INFORMACIÓN: Despliegue del archivo mili1.war de la aplicación web
feb 07, 2026 11:44:49 PM org.apache.catalina.loader.WebappClassLoader validateJarFile
INFORMACIÓN: validateJarFile(C:\Users\karma\Desktop\documentacion\software\bloodbank_clean\bancodesangre\tomcat\webapps\mili1\WEB-INF\lib\servlet-api.jar) - jar not loaded. See Servlet Spec 2.3, section 9.7.2. Offending class: javax/servlet/Servlet.class
feb 07, 2026 11:44:50 PM org.apache.coyote.http11.Http11Protocol start
INFORMACIÓN: Arrancando Coyote HTTP/1.1 en puerto http-8080
feb 07, 2026 11:44:50 PM org.apache.jk.common.ChannelSocket init
INFORMACIÓN: JK: ajp13 listening on /0.0.0.0:8009
feb 07, 2026 11:44:50 PM org.apache.jk.server.JkMain start
INFORMACIÓN: Jk running ID=0 time=0/5  config=null
feb 07, 2026 11:44:50 PM org.apache.catalina.storeconfig.StoreLoader load
INFORMACIÓN: Find registry server-registry.xml at classpath resource
feb 07, 2026 11:44:50 PM org.apache.catalina.startup.Catalina start
INFORMACIÓN: Server startup in 700 ms
feb 07, 2026 11:52:48 PM org.apache.coyote.http11.Http11Protocol pause
INFORMACIÓN: Pausing Coyote HTTP/1.1 on http-8080
feb 07, 2026 11:52:49 PM org.apache.catalina.core.StandardService stop
INFORMACIÓN: Parando servicio Catalina
feb 07, 2026 11:52:49 PM org.apache.coyote.http11.Http11Protocol destroy
INFORMACIÓN: Stopping Coyote HTTP/1.1 on http-8080
feb 07, 2026 11:53:34 PM org.apache.coyote.http11.Http11Protocol init
INFORMACIÓN: Inicializando Coyote HTTP/1.1 en puerto http-8080
feb 07, 2026 11:53:34 PM org.apache.catalina.startup.Catalina load
INFORMACIÓN: Initialization processed in 153 ms
feb 07, 2026 11:53:34 PM org.apache.catalina.core.StandardService start
INFORMACIÓN: Arrancando servicio Catalina
feb 07, 2026 11:53:34 PM org.apache.catalina.core.StandardEngine start
INFORMACIÓN: Starting Servlet Engine: Apache Tomcat/5.5.9
feb 07, 2026 11:53:34 PM org.apache.catalina.core.StandardHost start
INFORMACIÓN: Desactivada la validación XML
feb 07, 2026 11:53:34 PM org.apache.catalina.startup.HostConfig deployWAR
INFORMACIÓN: Despliegue del archivo mili.war de la aplicación web
feb 07, 2026 11:53:34 PM org.apache.catalina.startup.ContextConfig applicationWebConfig
INFORMACIÓN: Falta el archivo web.xml de la aplicaciónb. Utilizando los parámetros por defecto StandardEngine[Catalina].StandardHost[localhost].StandardContext[/mili]
feb 07, 2026 11:53:34 PM org.apache.catalina.startup.HostConfig deployWAR
INFORMACIÓN: Despliegue del archivo mili1.war de la aplicación web
feb 07, 2026 11:53:34 PM org.apache.catalina.loader.WebappClassLoader validateJarFile
INFORMACIÓN: validateJarFile(C:\Users\karma\Desktop\documentacion\software\bloodbank_clean\bancodesangre\tomcat\webapps\mili1\WEB-INF\lib\servlet-api.jar) - jar not loaded. See Servlet Spec 2.3, section 9.7.2. Offending class: javax/servlet/Servlet.class
feb 07, 2026 11:53:35 PM org.apache.coyote.http11.Http11Protocol start
INFORMACIÓN: Arrancando Coyote HTTP/1.1 en puerto http-8080
feb 07, 2026 11:53:35 PM org.apache.jk.common.ChannelSocket init
INFORMACIÓN: JK: ajp13 listening on /0.0.0.0:8009
feb 07, 2026 11:53:35 PM org.apache.jk.server.JkMain start
INFORMACIÓN: Jk running ID=0 time=0/5  config=null
feb 07, 2026 11:53:35 PM org.apache.catalina.storeconfig.StoreLoader load
INFORMACIÓN: Find registry server-registry.xml at classpath resource
feb 07, 2026 11:53:35 PM org.apache.catalina.startup.Catalina start
INFORMACIÓN: Server startup in 742 ms
